C:\USERS\JAK BOULTON\DESKTOP\FOURTH YEAR\REAL-TIME COMPUTER GRAPHICS\ASSIGNMENT 1\DX11 MESH PROCESSING\DEBUG\CGBASEMODEL.OBJ
C:\USERS\JAK BOULTON\DESKTOP\FOURTH YEAR\REAL-TIME COMPUTER GRAPHICS\ASSIGNMENT 1\DX11 MESH PROCESSING\DEBUG\CGOBJECT.OBJ
C:\USERS\JAK BOULTON\DESKTOP\FOURTH YEAR\REAL-TIME COMPUTER GRAPHICS\ASSIGNMENT 1\DX11 MESH PROCESSING\DEBUG\CGBASICGRASS.OBJ
C:\USERS\JAK BOULTON\DESKTOP\FOURTH YEAR\REAL-TIME COMPUTER GRAPHICS\ASSIGNMENT 1\DX11 MESH PROCESSING\DEBUG\CGBASICTERRAIN.OBJ
C:\USERS\JAK BOULTON\DESKTOP\FOURTH YEAR\REAL-TIME COMPUTER GRAPHICS\ASSIGNMENT 1\DX11 MESH PROCESSING\DEBUG\CGCUBE.OBJ
C:\USERS\JAK BOULTON\DESKTOP\FOURTH YEAR\REAL-TIME COMPUTER GRAPHICS\ASSIGNMENT 1\DX11 MESH PROCESSING\DEBUG\CGMODELINSTANCE.OBJ
C:\USERS\JAK BOULTON\DESKTOP\FOURTH YEAR\REAL-TIME COMPUTER GRAPHICS\ASSIGNMENT 1\DX11 MESH PROCESSING\DEBUG\CGOUTPUTMERGERSTAGE.OBJ
C:\USERS\JAK BOULTON\DESKTOP\FOURTH YEAR\REAL-TIME COMPUTER GRAPHICS\ASSIGNMENT 1\DX11 MESH PROCESSING\DEBUG\CGPRINCIPLEAXES.OBJ
C:\USERS\JAK BOULTON\DESKTOP\FOURTH YEAR\REAL-TIME COMPUTER GRAPHICS\ASSIGNMENT 1\DX11 MESH PROCESSING\DEBUG\CGPYRAMID.OBJ
C:\USERS\JAK BOULTON\DESKTOP\FOURTH YEAR\REAL-TIME COMPUTER GRAPHICS\ASSIGNMENT 1\DX11 MESH PROCESSING\DEBUG\CGRASTERISERSTAGE.OBJ
C:\USERS\JAK BOULTON\DESKTOP\FOURTH YEAR\REAL-TIME COMPUTER GRAPHICS\ASSIGNMENT 1\DX11 MESH PROCESSING\DEBUG\CGSNOWPARTICLES.OBJ
C:\USERS\JAK BOULTON\DESKTOP\FOURTH YEAR\REAL-TIME COMPUTER GRAPHICS\ASSIGNMENT 1\DX11 MESH PROCESSING\DEBUG\CGTEXTURELOADER.OBJ
C:\USERS\JAK BOULTON\DESKTOP\FOURTH YEAR\REAL-TIME COMPUTER GRAPHICS\ASSIGNMENT 1\DX11 MESH PROCESSING\DEBUG\CGVERTEXBASIC.OBJ
C:\USERS\JAK BOULTON\DESKTOP\FOURTH YEAR\REAL-TIME COMPUTER GRAPHICS\ASSIGNMENT 1\DX11 MESH PROCESSING\DEBUG\CGVERTEXEXT.OBJ
C:\USERS\JAK BOULTON\DESKTOP\FOURTH YEAR\REAL-TIME COMPUTER GRAPHICS\ASSIGNMENT 1\DX11 MESH PROCESSING\DEBUG\CGPIPELINE.OBJ
C:\USERS\JAK BOULTON\DESKTOP\FOURTH YEAR\REAL-TIME COMPUTER GRAPHICS\ASSIGNMENT 1\DX11 MESH PROCESSING\DEBUG\HERMITECURVE.OBJ
C:\USERS\JAK BOULTON\DESKTOP\FOURTH YEAR\REAL-TIME COMPUTER GRAPHICS\ASSIGNMENT 1\DX11 MESH PROCESSING\DEBUG\HLSLFACTORY.OBJ
C:\USERS\JAK BOULTON\DESKTOP\FOURTH YEAR\REAL-TIME COMPUTER GRAPHICS\ASSIGNMENT 1\DX11 MESH PROCESSING\DEBUG\MAIN.OBJ
C:\USERS\JAK BOULTON\DESKTOP\FOURTH YEAR\REAL-TIME COMPUTER GRAPHICS\ASSIGNMENT 1\DX11 MESH PROCESSING\DEBUG\CGCLOCK.OBJ
C:\USERS\JAK BOULTON\DESKTOP\FOURTH YEAR\REAL-TIME COMPUTER GRAPHICS\ASSIGNMENT 1\DX11 MESH PROCESSING\DEBUG\TRIANGLE.OBJ
C:\USERS\JAK BOULTON\DESKTOP\FOURTH YEAR\REAL-TIME COMPUTER GRAPHICS\ASSIGNMENT 1\DX11 MESH PROCESSING\DEBUG\JSTRIP.OBJ
C:\USERS\JAK BOULTON\DESKTOP\FOURTH YEAR\REAL-TIME COMPUTER GRAPHICS\ASSIGNMENT 1\DX11 MESH PROCESSING\DEBUG\OMSTRIPIFICATION.OBJ
C:\USERS\JAK BOULTON\DESKTOP\FOURTH YEAR\REAL-TIME COMPUTER GRAPHICS\ASSIGNMENT 1\DX11 MESH PROCESSING\DEBUG\VC100.PDB
C:\USERS\JAK BOULTON\DESKTOP\FOURTH YEAR\REAL-TIME COMPUTER GRAPHICS\ASSIGNMENT 1\DX11 MESH PROCESSING\DEBUG\VC110.PDB
C:\USERS\JAK BOULTON\DESKTOP\FOURTH YEAR\REAL-TIME COMPUTER GRAPHICS\ASSIGNMENT 1\DX11 MESH PROCESSING\DEBUG\DX11DEMO.EXE
C:\USERS\JAK BOULTON\DESKTOP\FOURTH YEAR\REAL-TIME COMPUTER GRAPHICS\ASSIGNMENT 1\DX11 MESH PROCESSING\DEBUG\DX11DEMO.EXE.INTERMEDIATE.MANIFEST
C:\USERS\JAK BOULTON\DESKTOP\FOURTH YEAR\REAL-TIME COMPUTER GRAPHICS\ASSIGNMENT 1\DX11 MESH PROCESSING\DEBUG\DX11DEMO.PDB
C:\Users\Jak Boulton\Desktop\Fourth Year\Real-Time Computer Graphics\Assignment 1\Dx11 Mesh Processing\Debug\CGBaseModel.obj
C:\Users\Jak Boulton\Desktop\Fourth Year\Real-Time Computer Graphics\Assignment 1\Dx11 Mesh Processing\Debug\CGBasicGrass.obj
C:\Users\Jak Boulton\Desktop\Fourth Year\Real-Time Computer Graphics\Assignment 1\Dx11 Mesh Processing\Debug\CGBasicTerrain.obj
C:\Users\Jak Boulton\Desktop\Fourth Year\Real-Time Computer Graphics\Assignment 1\Dx11 Mesh Processing\Debug\CGClock.obj
C:\Users\Jak Boulton\Desktop\Fourth Year\Real-Time Computer Graphics\Assignment 1\Dx11 Mesh Processing\Debug\CGCube.obj
C:\Users\Jak Boulton\Desktop\Fourth Year\Real-Time Computer Graphics\Assignment 1\Dx11 Mesh Processing\Debug\CGModelInstance.obj
C:\Users\Jak Boulton\Desktop\Fourth Year\Real-Time Computer Graphics\Assignment 1\Dx11 Mesh Processing\Debug\CGObject.obj
C:\Users\Jak Boulton\Desktop\Fourth Year\Real-Time Computer Graphics\Assignment 1\Dx11 Mesh Processing\Debug\CGOutputMergerStage.obj
C:\Users\Jak Boulton\Desktop\Fourth Year\Real-Time Computer Graphics\Assignment 1\Dx11 Mesh Processing\Debug\CGPipeline.obj
C:\Users\Jak Boulton\Desktop\Fourth Year\Real-Time Computer Graphics\Assignment 1\Dx11 Mesh Processing\Debug\CGPrincipleAxes.obj
C:\Users\Jak Boulton\Desktop\Fourth Year\Real-Time Computer Graphics\Assignment 1\Dx11 Mesh Processing\Debug\CGPyramid.obj
C:\Users\Jak Boulton\Desktop\Fourth Year\Real-Time Computer Graphics\Assignment 1\Dx11 Mesh Processing\Debug\CGRasteriserStage.obj
C:\Users\Jak Boulton\Desktop\Fourth Year\Real-Time Computer Graphics\Assignment 1\Dx11 Mesh Processing\Debug\CGSnowParticles.obj
C:\Users\Jak Boulton\Desktop\Fourth Year\Real-Time Computer Graphics\Assignment 1\Dx11 Mesh Processing\Debug\CGTextureLoader.obj
C:\Users\Jak Boulton\Desktop\Fourth Year\Real-Time Computer Graphics\Assignment 1\Dx11 Mesh Processing\Debug\CGVertexBasic.obj
C:\Users\Jak Boulton\Desktop\Fourth Year\Real-Time Computer Graphics\Assignment 1\Dx11 Mesh Processing\Debug\CGVertexExt.obj
C:\Users\Jak Boulton\Desktop\Fourth Year\Real-Time Computer Graphics\Assignment 1\Dx11 Mesh Processing\Debug\HermiteCurve.obj
C:\Users\Jak Boulton\Desktop\Fourth Year\Real-Time Computer Graphics\Assignment 1\Dx11 Mesh Processing\Debug\HLSLFactory.obj
C:\Users\Jak Boulton\Desktop\Fourth Year\Real-Time Computer Graphics\Assignment 1\Dx11 Mesh Processing\Debug\JStrip.obj
C:\Users\Jak Boulton\Desktop\Fourth Year\Real-Time Computer Graphics\Assignment 1\Dx11 Mesh Processing\Debug\main.obj
C:\Users\Jak Boulton\Desktop\Fourth Year\Real-Time Computer Graphics\Assignment 1\Dx11 Mesh Processing\Debug\OMStripification.obj
C:\Users\Jak Boulton\Desktop\Fourth Year\Real-Time Computer Graphics\Assignment 1\Dx11 Mesh Processing\Debug\Triangle.obj
C:\Users\Jak Boulton\Desktop\Fourth Year\Real-Time Computer Graphics\Assignment 1\Dx11 Mesh Processing\Debug\cl.command.1.tlog
C:\Users\Jak Boulton\Desktop\Fourth Year\Real-Time Computer Graphics\Assignment 1\Dx11 Mesh Processing\Debug\CL.read.1.tlog
C:\Users\Jak Boulton\Desktop\Fourth Year\Real-Time Computer Graphics\Assignment 1\Dx11 Mesh Processing\Debug\CL.write.1.tlog
C:\Users\Jak Boulton\Desktop\Fourth Year\Real-Time Computer Graphics\Assignment 1\Dx11 Mesh Processing\Debug\link.command.1.tlog
C:\Users\Jak Boulton\Desktop\Fourth Year\Real-Time Computer Graphics\Assignment 1\Dx11 Mesh Processing\Debug\link.read.1.tlog
C:\Users\Jak Boulton\Desktop\Fourth Year\Real-Time Computer Graphics\Assignment 1\Dx11 Mesh Processing\Debug\link.write.1.tlog
C:\Users\Jak Boulton\Desktop\Fourth Year\Real-Time Computer Graphics\Assignment 1\Dx11 Mesh Processing\Debug\mt.command.1.tlog
C:\Users\Jak Boulton\Desktop\Fourth Year\Real-Time Computer Graphics\Assignment 1\Dx11 Mesh Processing\Debug\mt.read.1.tlog
C:\Users\Jak Boulton\Desktop\Fourth Year\Real-Time Computer Graphics\Assignment 1\Dx11 Mesh Processing\Debug\mt.write.1.tlog
C:\Users\Jak Boulton\Desktop\Fourth Year\Real-Time Computer Graphics\Assignment 1\Dx11 Mesh Processing\Debug\Dx11demo.exe.intermediate.manifest
C:\Users\Jak Boulton\Desktop\Fourth Year\Real-Time Computer Graphics\Assignment 1\Dx11 Mesh Processing\Debug\vc100.idb
C:\Users\Jak Boulton\Desktop\Fourth Year\Real-Time Computer Graphics\Assignment 1\Dx11 Mesh Processing\Debug\vc110.idb
C:\Users\Jak Boulton\Desktop\Fourth Year\Real-Time Computer Graphics\Assignment 1\Dx11 Mesh Processing\Debug\Dx11demo.pdb
C:\Users\Jak Boulton\Desktop\Fourth Year\Real-Time Computer Graphics\Assignment 1\Dx11 Mesh Processing\Debug\vc100.pdb
C:\Users\Jak Boulton\Desktop\Fourth Year\Real-Time Computer Graphics\Assignment 1\Dx11 Mesh Processing\Debug\vc110.pdb
C:\Users\Jak Boulton\Desktop\Fourth Year\Real-Time Computer Graphics\Assignment 1\Dx11 Mesh Processing\Debug\Dx11demo.exe
